<?xml version="1.0" encoding="UTF-8"?>
<testng-results ignored="0" total="7" passed="0" failed="7" skipped="0">
  <reporter-output>
    <line>
      <![CDATA[existing driver pathbinaries\chromedriver.exe]]>
    </line>
    <line>
      <![CDATA[in method: getCurrentVersionOfDriverAsString]]>
    </line>
    <line>
      <![CDATA[All SSL Certificates will be accepted...]]>
    </line>
    <line>
      <![CDATA[Checking availability of URL: https://googlechromelabs.github.io/chrome-for-testing/known-good-versions.json]]>
    </line>
    <line>
      <![CDATA[existing driver pathbinaries\chromedriver.exe]]>
    </line>
    <line>
      <![CDATA[in method: getCurrentVersionOfDriverAsString]]>
    </line>
    <line>
      <![CDATA[All SSL Certificates will be accepted...]]>
    </line>
    <line>
      <![CDATA[Checking availability of URL: https://googlechromelabs.github.io/chrome-for-testing/known-good-versions.json]]>
    </line>
    <line>
      <![CDATA[existing driver pathbinaries\chromedriver.exe]]>
    </line>
    <line>
      <![CDATA[in method: getCurrentVersionOfDriverAsString]]>
    </line>
    <line>
      <![CDATA[All SSL Certificates will be accepted...]]>
    </line>
    <line>
      <![CDATA[Checking availability of URL: https://googlechromelabs.github.io/chrome-for-testing/known-good-versions.json]]>
    </line>
    <line>
      <![CDATA[existing driver pathbinaries\chromedriver.exe]]>
    </line>
    <line>
      <![CDATA[in method: getCurrentVersionOfDriverAsString]]>
    </line>
    <line>
      <![CDATA[All SSL Certificates will be accepted...]]>
    </line>
    <line>
      <![CDATA[Checking availability of URL: https://googlechromelabs.github.io/chrome-for-testing/known-good-versions.json]]>
    </line>
    <line>
      <![CDATA[existing driver pathbinaries\chromedriver.exe]]>
    </line>
    <line>
      <![CDATA[in method: getCurrentVersionOfDriverAsString]]>
    </line>
    <line>
      <![CDATA[All SSL Certificates will be accepted...]]>
    </line>
    <line>
      <![CDATA[Checking availability of URL: https://googlechromelabs.github.io/chrome-for-testing/known-good-versions.json]]>
    </line>
    <line>
      <![CDATA[existing driver pathbinaries\chromedriver.exe]]>
    </line>
    <line>
      <![CDATA[in method: getCurrentVersionOfDriverAsString]]>
    </line>
    <line>
      <![CDATA[All SSL Certificates will be accepted...]]>
    </line>
    <line>
      <![CDATA[Checking availability of URL: https://googlechromelabs.github.io/chrome-for-testing/known-good-versions.json]]>
    </line>
    <line>
      <![CDATA[existing driver pathbinaries\chromedriver.exe]]>
    </line>
    <line>
      <![CDATA[in method: getCurrentVersionOfDriverAsString]]>
    </line>
    <line>
      <![CDATA[All SSL Certificates will be accepted...]]>
    </line>
    <line>
      <![CDATA[Checking availability of URL: https://googlechromelabs.github.io/chrome-for-testing/known-good-versions.json]]>
    </line>
  </reporter-output>
  <suite started-at="2024-06-13T13:03:41 IST" name="Surefire suite" finished-at="2024-06-13T13:04:47 IST" duration-ms="66189">
    <groups>
      <group name="cucumber">
        <method signature="AbstractTestNGCucumberTests.runScenario(io.cucumber.testng.PickleWrapper, io.cucumber.testng.FeatureWrapper)[pri:0, instance:RunCukesTest@1f97cf0d]" name="runScenario" class="io.cucumber.testng.AbstractTestNGCucumberTests"/>
      </group> <!-- cucumber -->
    </groups>
    <test started-at="2024-06-13T13:03:41 IST" name="Surefire test" finished-at="2024-06-13T13:04:47 IST" duration-ms="66189">
      <class name="RunCukesTest">
        <test-method is-config="true" signature="setUpClass(org.testng.ITestContext)[pri:0, instance:RunCukesTest@1f97cf0d]" started-at="2024-06-13T13:03:41 IST" name="setUpClass" finished-at="2024-06-13T13:03:42 IST" duration-ms="1712" status="PASS">
          <params>
            <param index="0">
              <value>
                <![CDATA[org.testng.TestRunner@55c03e4]]>
              </value>
            </param>
          </params>
          <reporter-output>
          </reporter-output>
        </test-method> <!-- setUpClass -->
        <test-method signature="runScenario(io.cucumber.testng.PickleWrapper, io.cucumber.testng.FeatureWrapper)[pri:0, instance:RunCukesTest@1f97cf0d]" started-at="2024-06-13T13:03:42 IST" name="runScenario" description="Runs Cucumber Scenarios" data-provider="scenarios" finished-at="2024-06-13T13:03:56 IST" duration-ms="13434" status="FAIL">
          <params>
            <param index="0">
              <value>
                <![CDATA["Verify Favourites functionality"]]>
              </value>
            </param>
            <param index="1">
              <value>
                <![CDATA["Optional[BO user Test cases]"]]>
              </value>
            </param>
          </params>
          <exception class="org.openqa.selenium.WebDriverException">
            <message>
              <![CDATA[unknown error: net::ERR_CONNECTION_RESET
  (Session info: chrome=125.0.6422.142)
Build info: version: '4.2.2', revision: '683ccb65d6'
System info: host: 'HYD-PCI-NOD-T01', ip: '192.168.56.1', os.name: 'Windows Server 2016', os.arch: 'amd64', os.version: '10.0', java.version: '11.0.17'
Driver info: org.openqa.selenium.chrome.ChromeDriver
Command: [1d9cd8970823ef4594230fe56e08dccf, get {url=https://veishydcnt04163.lab.pega.com/prweb}]
Capabilities {acceptInsecureCerts: false, browserName: chrome, browserVersion: 125.0.6422.142, chrome: {chromedriverVersion: 125.0.6422.141 (4b1e8393712..., userDataDir: C:\Program Files\scoped_dir...}, fedcm:accounts: true, goog:chromeOptions: {debuggerAddress: localhost:63321}, networkConnectionEnabled: false, pageLoadStrategy: normal, platformName: WINDOWS, proxy: Proxy(), se:cdp: ws://localhost:63321/devtoo..., se:cdpVersion: 125.0.6422.142, setWindowRect: true, strictFileInteractability: false, timeouts: {implicit: 0, pageLoad: 300000, script: 30000}, unhandledPromptBehavior: accept, webauthn:extension:credBlob: true, webauthn:extension:largeBlob: true, webauthn:extension:minPinLength: true, webauthn:extension:prf: true, webauthn:virtualAuthenticators: true}
Session ID: 1d9cd8970823ef4594230fe56e08dccf]]>
            </message>
            <full-stacktrace>
              <![CDATA[org.openqa.selenium.WebDriverException: unknown error: net::ERR_CONNECTION_RESET
  (Session info: chrome=125.0.6422.142)
Build info: version: '4.2.2', revision: '683ccb65d6'
System info: host: 'HYD-PCI-NOD-T01', ip: '192.168.56.1', os.name: 'Windows Server 2016', os.arch: 'amd64', os.version: '10.0', java.version: '11.0.17'
Driver info: org.openqa.selenium.chrome.ChromeDriver
Command: [1d9cd8970823ef4594230fe56e08dccf, get {url=https://veishydcnt04163.lab.pega.com/prweb}]
Capabilities {acceptInsecureCerts: false, browserName: chrome, browserVersion: 125.0.6422.142, chrome: {chromedriverVersion: 125.0.6422.141 (4b1e8393712..., userDataDir: C:\Program Files\scoped_dir...}, fedcm:accounts: true, goog:chromeOptions: {debuggerAddress: localhost:63321}, networkConnectionEnabled: false, pageLoadStrategy: normal, platformName: WINDOWS, proxy: Proxy(), se:cdp: ws://localhost:63321/devtoo..., se:cdpVersion: 125.0.6422.142, setWindowRect: true, strictFileInteractability: false, timeouts: {implicit: 0, pageLoad: 300000, script: 30000}, unhandledPromptBehavior: accept, webauthn:extension:credBlob: true, webauthn:extension:largeBlob: true, webauthn:extension:minPinLength: true, webauthn:extension:prf: true, webauthn:virtualAuthenticators: true}
Session ID: 1d9cd8970823ef4594230fe56e08dccf
at java.base/jdk.internal.reflect.NativeConstructorAccessorImpl.newInstance0(Native Method)
at java.base/jdk.internal.reflect.NativeConstructorAccessorImpl.newInstance(NativeConstructorAccessorImpl.java:62)
at java.base/jdk.internal.reflect.DelegatingConstructorAccessorImpl.newInstance(DelegatingConstructorAccessorImpl.java:45)
at java.base/java.lang.reflect.Constructor.newInstance(Constructor.java:490)
at org.openqa.selenium.remote.codec.w3c.W3CHttpResponseCodec.createException(W3CHttpResponseCodec.java:200)
at org.openqa.selenium.remote.codec.w3c.W3CHttpResponseCodec.decode(W3CHttpResponseCodec.java:133)
at org.openqa.selenium.remote.codec.w3c.W3CHttpResponseCodec.decode(W3CHttpResponseCodec.java:53)
at org.openqa.selenium.remote.HttpCommandExecutor.execute(HttpCommandExecutor.java:184)
at org.openqa.selenium.remote.service.DriverCommandExecutor.invokeExecute(DriverCommandExecutor.java:167)
at org.openqa.selenium.remote.service.DriverCommandExecutor.execute(DriverCommandExecutor.java:142)
at org.openqa.selenium.remote.RemoteWebDriver.execute(RemoteWebDriver.java:588)
at org.openqa.selenium.remote.RemoteWebDriver.get(RemoteWebDriver.java:351)
at com.pega.BrowserImpl.open(BrowserImpl.java:314)
at com.pega.BrowserImpl.open(BrowserImpl.java:284)
at com.pega.CRMBrowser.open(CRMBrowser.java:99)
at com.pega.config.test.TestBase.configureBrowser(TestBase.java:60)
at com.pega.CRMTestEnvironment.setUp(CRMTestEnvironment.java:76)
]]>
            </full-stacktrace>
          </exception> <!-- org.openqa.selenium.WebDriverException -->
          <reporter-output>
            <line>
              <![CDATA[existing driver pathbinaries\chromedriver.exe]]>
            </line>
            <line>
              <![CDATA[in method: getCurrentVersionOfDriverAsString]]>
            </line>
            <line>
              <![CDATA[All SSL Certificates will be accepted...]]>
            </line>
            <line>
              <![CDATA[Checking availability of URL: https://googlechromelabs.github.io/chrome-for-testing/known-good-versions.json]]>
            </line>
          </reporter-output>
        </test-method> <!-- runScenario -->
        <test-method signature="runScenario(io.cucumber.testng.PickleWrapper, io.cucumber.testng.FeatureWrapper)[pri:0, instance:RunCukesTest@1f97cf0d]" started-at="2024-06-13T13:03:56 IST" name="runScenario" description="Runs Cucumber Scenarios" data-provider="scenarios" finished-at="2024-06-13T13:04:04 IST" duration-ms="8500" status="FAIL">
          <params>
            <param index="0">
              <value>
                <![CDATA["Validation when Account is switched from Individual to Commercial"]]>
              </value>
            </param>
            <param index="1">
              <value>
                <![CDATA["Optional[Demo Interaction Test cases]"]]>
              </value>
            </param>
          </params>
          <exception class="org.openqa.selenium.WebDriverException">
            <message>
              <![CDATA[unknown error: net::ERR_CONNECTION_RESET
  (Session info: chrome=125.0.6422.142)
Build info: version: '4.2.2', revision: '683ccb65d6'
System info: host: 'HYD-PCI-NOD-T01', ip: '192.168.56.1', os.name: 'Windows Server 2016', os.arch: 'amd64', os.version: '10.0', java.version: '11.0.17'
Driver info: org.openqa.selenium.chrome.ChromeDriver
Command: [f42ee8b1e9ac3c9b11bf93790d5bcb9f, get {url=https://veishydcnt04163.lab.pega.com/prweb}]
Capabilities {acceptInsecureCerts: false, browserName: chrome, browserVersion: 125.0.6422.142, chrome: {chromedriverVersion: 125.0.6422.141 (4b1e8393712..., userDataDir: C:\Program Files\scoped_dir...}, fedcm:accounts: true, goog:chromeOptions: {debuggerAddress: localhost:63342}, networkConnectionEnabled: false, pageLoadStrategy: normal, platformName: WINDOWS, proxy: Proxy(), se:cdp: ws://localhost:63342/devtoo..., se:cdpVersion: 125.0.6422.142, setWindowRect: true, strictFileInteractability: false, timeouts: {implicit: 0, pageLoad: 300000, script: 30000}, unhandledPromptBehavior: accept, webauthn:extension:credBlob: true, webauthn:extension:largeBlob: true, webauthn:extension:minPinLength: true, webauthn:extension:prf: true, webauthn:virtualAuthenticators: true}
Session ID: f42ee8b1e9ac3c9b11bf93790d5bcb9f]]>
            </message>
            <full-stacktrace>
              <![CDATA[org.openqa.selenium.WebDriverException: unknown error: net::ERR_CONNECTION_RESET
  (Session info: chrome=125.0.6422.142)
Build info: version: '4.2.2', revision: '683ccb65d6'
System info: host: 'HYD-PCI-NOD-T01', ip: '192.168.56.1', os.name: 'Windows Server 2016', os.arch: 'amd64', os.version: '10.0', java.version: '11.0.17'
Driver info: org.openqa.selenium.chrome.ChromeDriver
Command: [f42ee8b1e9ac3c9b11bf93790d5bcb9f, get {url=https://veishydcnt04163.lab.pega.com/prweb}]
Capabilities {acceptInsecureCerts: false, browserName: chrome, browserVersion: 125.0.6422.142, chrome: {chromedriverVersion: 125.0.6422.141 (4b1e8393712..., userDataDir: C:\Program Files\scoped_dir...}, fedcm:accounts: true, goog:chromeOptions: {debuggerAddress: localhost:63342}, networkConnectionEnabled: false, pageLoadStrategy: normal, platformName: WINDOWS, proxy: Proxy(), se:cdp: ws://localhost:63342/devtoo..., se:cdpVersion: 125.0.6422.142, setWindowRect: true, strictFileInteractability: false, timeouts: {implicit: 0, pageLoad: 300000, script: 30000}, unhandledPromptBehavior: accept, webauthn:extension:credBlob: true, webauthn:extension:largeBlob: true, webauthn:extension:minPinLength: true, webauthn:extension:prf: true, webauthn:virtualAuthenticators: true}
Session ID: f42ee8b1e9ac3c9b11bf93790d5bcb9f
at java.base/jdk.internal.reflect.NativeConstructorAccessorImpl.newInstance0(Native Method)
at java.base/jdk.internal.reflect.NativeConstructorAccessorImpl.newInstance(NativeConstructorAccessorImpl.java:62)
at java.base/jdk.internal.reflect.DelegatingConstructorAccessorImpl.newInstance(DelegatingConstructorAccessorImpl.java:45)
at java.base/java.lang.reflect.Constructor.newInstance(Constructor.java:490)
at org.openqa.selenium.remote.codec.w3c.W3CHttpResponseCodec.createException(W3CHttpResponseCodec.java:200)
at org.openqa.selenium.remote.codec.w3c.W3CHttpResponseCodec.decode(W3CHttpResponseCodec.java:133)
at org.openqa.selenium.remote.codec.w3c.W3CHttpResponseCodec.decode(W3CHttpResponseCodec.java:53)
at org.openqa.selenium.remote.HttpCommandExecutor.execute(HttpCommandExecutor.java:184)
at org.openqa.selenium.remote.service.DriverCommandExecutor.invokeExecute(DriverCommandExecutor.java:167)
at org.openqa.selenium.remote.service.DriverCommandExecutor.execute(DriverCommandExecutor.java:142)
at org.openqa.selenium.remote.RemoteWebDriver.execute(RemoteWebDriver.java:588)
at org.openqa.selenium.remote.RemoteWebDriver.get(RemoteWebDriver.java:351)
at com.pega.BrowserImpl.open(BrowserImpl.java:314)
at com.pega.BrowserImpl.open(BrowserImpl.java:284)
at com.pega.CRMBrowser.open(CRMBrowser.java:99)
at com.pega.config.test.TestBase.configureBrowser(TestBase.java:60)
at com.pega.CRMTestEnvironment.setUp(CRMTestEnvironment.java:76)
]]>
            </full-stacktrace>
          </exception> <!-- org.openqa.selenium.WebDriverException -->
          <reporter-output>
            <line>
              <![CDATA[existing driver pathbinaries\chromedriver.exe]]>
            </line>
            <line>
              <![CDATA[in method: getCurrentVersionOfDriverAsString]]>
            </line>
            <line>
              <![CDATA[All SSL Certificates will be accepted...]]>
            </line>
            <line>
              <![CDATA[Checking availability of URL: https://googlechromelabs.github.io/chrome-for-testing/known-good-versions.json]]>
            </line>
          </reporter-output>
        </test-method> <!-- runScenario -->
        <test-method signature="runScenario(io.cucumber.testng.PickleWrapper, io.cucumber.testng.FeatureWrapper)[pri:0, instance:RunCukesTest@1f97cf0d]" started-at="2024-06-13T13:04:04 IST" name="runScenario" description="Runs Cucumber Scenarios" data-provider="scenarios" finished-at="2024-06-13T13:04:13 IST" duration-ms="8534" status="FAIL">
          <params>
            <param index="0">
              <value>
                <![CDATA["Verify all the options present under account and Create Lead for user"]]>
              </value>
            </param>
            <param index="1">
              <value>
                <![CDATA["Optional[Demo Interaction Test cases]"]]>
              </value>
            </param>
          </params>
          <exception class="org.openqa.selenium.WebDriverException">
            <message>
              <![CDATA[unknown error: net::ERR_CONNECTION_RESET
  (Session info: chrome=125.0.6422.142)
Build info: version: '4.2.2', revision: '683ccb65d6'
System info: host: 'HYD-PCI-NOD-T01', ip: '192.168.56.1', os.name: 'Windows Server 2016', os.arch: 'amd64', os.version: '10.0', java.version: '11.0.17'
Driver info: org.openqa.selenium.chrome.ChromeDriver
Command: [d0835af38f9221558c40ffd911993750, get {url=https://veishydcnt04163.lab.pega.com/prweb}]
Capabilities {acceptInsecureCerts: false, browserName: chrome, browserVersion: 125.0.6422.142, chrome: {chromedriverVersion: 125.0.6422.141 (4b1e8393712..., userDataDir: C:\Program Files\scoped_dir...}, fedcm:accounts: true, goog:chromeOptions: {debuggerAddress: localhost:63362}, networkConnectionEnabled: false, pageLoadStrategy: normal, platformName: WINDOWS, proxy: Proxy(), se:cdp: ws://localhost:63362/devtoo..., se:cdpVersion: 125.0.6422.142, setWindowRect: true, strictFileInteractability: false, timeouts: {implicit: 0, pageLoad: 300000, script: 30000}, unhandledPromptBehavior: accept, webauthn:extension:credBlob: true, webauthn:extension:largeBlob: true, webauthn:extension:minPinLength: true, webauthn:extension:prf: true, webauthn:virtualAuthenticators: true}
Session ID: d0835af38f9221558c40ffd911993750]]>
            </message>
            <full-stacktrace>
              <![CDATA[org.openqa.selenium.WebDriverException: unknown error: net::ERR_CONNECTION_RESET
  (Session info: chrome=125.0.6422.142)
Build info: version: '4.2.2', revision: '683ccb65d6'
System info: host: 'HYD-PCI-NOD-T01', ip: '192.168.56.1', os.name: 'Windows Server 2016', os.arch: 'amd64', os.version: '10.0', java.version: '11.0.17'
Driver info: org.openqa.selenium.chrome.ChromeDriver
Command: [d0835af38f9221558c40ffd911993750, get {url=https://veishydcnt04163.lab.pega.com/prweb}]
Capabilities {acceptInsecureCerts: false, browserName: chrome, browserVersion: 125.0.6422.142, chrome: {chromedriverVersion: 125.0.6422.141 (4b1e8393712..., userDataDir: C:\Program Files\scoped_dir...}, fedcm:accounts: true, goog:chromeOptions: {debuggerAddress: localhost:63362}, networkConnectionEnabled: false, pageLoadStrategy: normal, platformName: WINDOWS, proxy: Proxy(), se:cdp: ws://localhost:63362/devtoo..., se:cdpVersion: 125.0.6422.142, setWindowRect: true, strictFileInteractability: false, timeouts: {implicit: 0, pageLoad: 300000, script: 30000}, unhandledPromptBehavior: accept, webauthn:extension:credBlob: true, webauthn:extension:largeBlob: true, webauthn:extension:minPinLength: true, webauthn:extension:prf: true, webauthn:virtualAuthenticators: true}
Session ID: d0835af38f9221558c40ffd911993750
at java.base/jdk.internal.reflect.NativeConstructorAccessorImpl.newInstance0(Native Method)
at java.base/jdk.internal.reflect.NativeConstructorAccessorImpl.newInstance(NativeConstructorAccessorImpl.java:62)
at java.base/jdk.internal.reflect.DelegatingConstructorAccessorImpl.newInstance(DelegatingConstructorAccessorImpl.java:45)
at java.base/java.lang.reflect.Constructor.newInstance(Constructor.java:490)
at org.openqa.selenium.remote.codec.w3c.W3CHttpResponseCodec.createException(W3CHttpResponseCodec.java:200)
at org.openqa.selenium.remote.codec.w3c.W3CHttpResponseCodec.decode(W3CHttpResponseCodec.java:133)
at org.openqa.selenium.remote.codec.w3c.W3CHttpResponseCodec.decode(W3CHttpResponseCodec.java:53)
at org.openqa.selenium.remote.HttpCommandExecutor.execute(HttpCommandExecutor.java:184)
at org.openqa.selenium.remote.service.DriverCommandExecutor.invokeExecute(DriverCommandExecutor.java:167)
at org.openqa.selenium.remote.service.DriverCommandExecutor.execute(DriverCommandExecutor.java:142)
at org.openqa.selenium.remote.RemoteWebDriver.execute(RemoteWebDriver.java:588)
at org.openqa.selenium.remote.RemoteWebDriver.get(RemoteWebDriver.java:351)
at com.pega.BrowserImpl.open(BrowserImpl.java:314)
at com.pega.BrowserImpl.open(BrowserImpl.java:284)
at com.pega.CRMBrowser.open(CRMBrowser.java:99)
at com.pega.config.test.TestBase.configureBrowser(TestBase.java:60)
at com.pega.CRMTestEnvironment.setUp(CRMTestEnvironment.java:76)
]]>
            </full-stacktrace>
          </exception> <!-- org.openqa.selenium.WebDriverException -->
          <reporter-output>
            <line>
              <![CDATA[existing driver pathbinaries\chromedriver.exe]]>
            </line>
            <line>
              <![CDATA[in method: getCurrentVersionOfDriverAsString]]>
            </line>
            <line>
              <![CDATA[All SSL Certificates will be accepted...]]>
            </line>
            <line>
              <![CDATA[Checking availability of URL: https://googlechromelabs.github.io/chrome-for-testing/known-good-versions.json]]>
            </line>
          </reporter-output>
        </test-method> <!-- runScenario -->
        <test-method signature="runScenario(io.cucumber.testng.PickleWrapper, io.cucumber.testng.FeatureWrapper)[pri:0, instance:RunCukesTest@1f97cf0d]" started-at="2024-06-13T13:04:13 IST" name="runScenario" description="Runs Cucumber Scenarios" data-provider="scenarios" finished-at="2024-06-13T13:04:21 IST" duration-ms="8437" status="FAIL">
          <params>
            <param index="0">
              <value>
                <![CDATA["Outbound phone call with Address Change and Disconnected Number"]]>
              </value>
            </param>
            <param index="1">
              <value>
                <![CDATA["Optional[Outbound Phone call test cases]"]]>
              </value>
            </param>
          </params>
          <exception class="org.openqa.selenium.WebDriverException">
            <message>
              <![CDATA[unknown error: net::ERR_CONNECTION_RESET
  (Session info: chrome=125.0.6422.142)
Build info: version: '4.2.2', revision: '683ccb65d6'
System info: host: 'HYD-PCI-NOD-T01', ip: '192.168.56.1', os.name: 'Windows Server 2016', os.arch: 'amd64', os.version: '10.0', java.version: '11.0.17'
Driver info: org.openqa.selenium.chrome.ChromeDriver
Command: [d9855f66b3387c4ebeb216d1a8379661, get {url=https://veishydcnt04163.lab.pega.com/prweb}]
Capabilities {acceptInsecureCerts: false, browserName: chrome, browserVersion: 125.0.6422.142, chrome: {chromedriverVersion: 125.0.6422.141 (4b1e8393712..., userDataDir: C:\Program Files\scoped_dir...}, fedcm:accounts: true, goog:chromeOptions: {debuggerAddress: localhost:63382}, networkConnectionEnabled: false, pageLoadStrategy: normal, platformName: WINDOWS, proxy: Proxy(), se:cdp: ws://localhost:63382/devtoo..., se:cdpVersion: 125.0.6422.142, setWindowRect: true, strictFileInteractability: false, timeouts: {implicit: 0, pageLoad: 300000, script: 30000}, unhandledPromptBehavior: accept, webauthn:extension:credBlob: true, webauthn:extension:largeBlob: true, webauthn:extension:minPinLength: true, webauthn:extension:prf: true, webauthn:virtualAuthenticators: true}
Session ID: d9855f66b3387c4ebeb216d1a8379661]]>
            </message>
            <full-stacktrace>
              <![CDATA[org.openqa.selenium.WebDriverException: unknown error: net::ERR_CONNECTION_RESET
  (Session info: chrome=125.0.6422.142)
Build info: version: '4.2.2', revision: '683ccb65d6'
System info: host: 'HYD-PCI-NOD-T01', ip: '192.168.56.1', os.name: 'Windows Server 2016', os.arch: 'amd64', os.version: '10.0', java.version: '11.0.17'
Driver info: org.openqa.selenium.chrome.ChromeDriver
Command: [d9855f66b3387c4ebeb216d1a8379661, get {url=https://veishydcnt04163.lab.pega.com/prweb}]
Capabilities {acceptInsecureCerts: false, browserName: chrome, browserVersion: 125.0.6422.142, chrome: {chromedriverVersion: 125.0.6422.141 (4b1e8393712..., userDataDir: C:\Program Files\scoped_dir...}, fedcm:accounts: true, goog:chromeOptions: {debuggerAddress: localhost:63382}, networkConnectionEnabled: false, pageLoadStrategy: normal, platformName: WINDOWS, proxy: Proxy(), se:cdp: ws://localhost:63382/devtoo..., se:cdpVersion: 125.0.6422.142, setWindowRect: true, strictFileInteractability: false, timeouts: {implicit: 0, pageLoad: 300000, script: 30000}, unhandledPromptBehavior: accept, webauthn:extension:credBlob: true, webauthn:extension:largeBlob: true, webauthn:extension:minPinLength: true, webauthn:extension:prf: true, webauthn:virtualAuthenticators: true}
Session ID: d9855f66b3387c4ebeb216d1a8379661
at java.base/jdk.internal.reflect.NativeConstructorAccessorImpl.newInstance0(Native Method)
at java.base/jdk.internal.reflect.NativeConstructorAccessorImpl.newInstance(NativeConstructorAccessorImpl.java:62)
at java.base/jdk.internal.reflect.DelegatingConstructorAccessorImpl.newInstance(DelegatingConstructorAccessorImpl.java:45)
at java.base/java.lang.reflect.Constructor.newInstance(Constructor.java:490)
at org.openqa.selenium.remote.codec.w3c.W3CHttpResponseCodec.createException(W3CHttpResponseCodec.java:200)
at org.openqa.selenium.remote.codec.w3c.W3CHttpResponseCodec.decode(W3CHttpResponseCodec.java:133)
at org.openqa.selenium.remote.codec.w3c.W3CHttpResponseCodec.decode(W3CHttpResponseCodec.java:53)
at org.openqa.selenium.remote.HttpCommandExecutor.execute(HttpCommandExecutor.java:184)
at org.openqa.selenium.remote.service.DriverCommandExecutor.invokeExecute(DriverCommandExecutor.java:167)
at org.openqa.selenium.remote.service.DriverCommandExecutor.execute(DriverCommandExecutor.java:142)
at org.openqa.selenium.remote.RemoteWebDriver.execute(RemoteWebDriver.java:588)
at org.openqa.selenium.remote.RemoteWebDriver.get(RemoteWebDriver.java:351)
at com.pega.BrowserImpl.open(BrowserImpl.java:314)
at com.pega.BrowserImpl.open(BrowserImpl.java:284)
at com.pega.CRMBrowser.open(CRMBrowser.java:99)
at com.pega.config.test.TestBase.configureBrowser(TestBase.java:60)
at com.pega.CRMTestEnvironment.setUp(CRMTestEnvironment.java:76)
]]>
            </full-stacktrace>
          </exception> <!-- org.openqa.selenium.WebDriverException -->
          <reporter-output>
            <line>
              <![CDATA[existing driver pathbinaries\chromedriver.exe]]>
            </line>
            <line>
              <![CDATA[in method: getCurrentVersionOfDriverAsString]]>
            </line>
            <line>
              <![CDATA[All SSL Certificates will be accepted...]]>
            </line>
            <line>
              <![CDATA[Checking availability of URL: https://googlechromelabs.github.io/chrome-for-testing/known-good-versions.json]]>
            </line>
          </reporter-output>
        </test-method> <!-- runScenario -->
        <test-method signature="runScenario(io.cucumber.testng.PickleWrapper, io.cucumber.testng.FeatureWrapper)[pri:0, instance:RunCukesTest@1f97cf0d]" started-at="2024-06-13T13:04:21 IST" name="runScenario" description="Runs Cucumber Scenarios" data-provider="scenarios" finished-at="2024-06-13T13:04:30 IST" duration-ms="8494" status="FAIL">
          <params>
            <param index="0">
              <value>
                <![CDATA["Outbound phone call answered with DisputeTransaction"]]>
              </value>
            </param>
            <param index="1">
              <value>
                <![CDATA["Optional[Outbound Phone call test cases]"]]>
              </value>
            </param>
          </params>
          <exception class="org.openqa.selenium.WebDriverException">
            <message>
              <![CDATA[unknown error: net::ERR_CONNECTION_RESET
  (Session info: chrome=125.0.6422.142)
Build info: version: '4.2.2', revision: '683ccb65d6'
System info: host: 'HYD-PCI-NOD-T01', ip: '192.168.56.1', os.name: 'Windows Server 2016', os.arch: 'amd64', os.version: '10.0', java.version: '11.0.17'
Driver info: org.openqa.selenium.chrome.ChromeDriver
Command: [2f27b59fcd4899c08efa204b05b6ffde, get {url=https://veishydcnt04163.lab.pega.com/prweb}]
Capabilities {acceptInsecureCerts: false, browserName: chrome, browserVersion: 125.0.6422.142, chrome: {chromedriverVersion: 125.0.6422.141 (4b1e8393712..., userDataDir: C:\Program Files\scoped_dir...}, fedcm:accounts: true, goog:chromeOptions: {debuggerAddress: localhost:63405}, networkConnectionEnabled: false, pageLoadStrategy: normal, platformName: WINDOWS, proxy: Proxy(), se:cdp: ws://localhost:63405/devtoo..., se:cdpVersion: 125.0.6422.142, setWindowRect: true, strictFileInteractability: false, timeouts: {implicit: 0, pageLoad: 300000, script: 30000}, unhandledPromptBehavior: accept, webauthn:extension:credBlob: true, webauthn:extension:largeBlob: true, webauthn:extension:minPinLength: true, webauthn:extension:prf: true, webauthn:virtualAuthenticators: true}
Session ID: 2f27b59fcd4899c08efa204b05b6ffde]]>
            </message>
            <full-stacktrace>
              <![CDATA[org.openqa.selenium.WebDriverException: unknown error: net::ERR_CONNECTION_RESET
  (Session info: chrome=125.0.6422.142)
Build info: version: '4.2.2', revision: '683ccb65d6'
System info: host: 'HYD-PCI-NOD-T01', ip: '192.168.56.1', os.name: 'Windows Server 2016', os.arch: 'amd64', os.version: '10.0', java.version: '11.0.17'
Driver info: org.openqa.selenium.chrome.ChromeDriver
Command: [2f27b59fcd4899c08efa204b05b6ffde, get {url=https://veishydcnt04163.lab.pega.com/prweb}]
Capabilities {acceptInsecureCerts: false, browserName: chrome, browserVersion: 125.0.6422.142, chrome: {chromedriverVersion: 125.0.6422.141 (4b1e8393712..., userDataDir: C:\Program Files\scoped_dir...}, fedcm:accounts: true, goog:chromeOptions: {debuggerAddress: localhost:63405}, networkConnectionEnabled: false, pageLoadStrategy: normal, platformName: WINDOWS, proxy: Proxy(), se:cdp: ws://localhost:63405/devtoo..., se:cdpVersion: 125.0.6422.142, setWindowRect: true, strictFileInteractability: false, timeouts: {implicit: 0, pageLoad: 300000, script: 30000}, unhandledPromptBehavior: accept, webauthn:extension:credBlob: true, webauthn:extension:largeBlob: true, webauthn:extension:minPinLength: true, webauthn:extension:prf: true, webauthn:virtualAuthenticators: true}
Session ID: 2f27b59fcd4899c08efa204b05b6ffde
at java.base/jdk.internal.reflect.NativeConstructorAccessorImpl.newInstance0(Native Method)
at java.base/jdk.internal.reflect.NativeConstructorAccessorImpl.newInstance(NativeConstructorAccessorImpl.java:62)
at java.base/jdk.internal.reflect.DelegatingConstructorAccessorImpl.newInstance(DelegatingConstructorAccessorImpl.java:45)
at java.base/java.lang.reflect.Constructor.newInstance(Constructor.java:490)
at org.openqa.selenium.remote.codec.w3c.W3CHttpResponseCodec.createException(W3CHttpResponseCodec.java:200)
at org.openqa.selenium.remote.codec.w3c.W3CHttpResponseCodec.decode(W3CHttpResponseCodec.java:133)
at org.openqa.selenium.remote.codec.w3c.W3CHttpResponseCodec.decode(W3CHttpResponseCodec.java:53)
at org.openqa.selenium.remote.HttpCommandExecutor.execute(HttpCommandExecutor.java:184)
at org.openqa.selenium.remote.service.DriverCommandExecutor.invokeExecute(DriverCommandExecutor.java:167)
at org.openqa.selenium.remote.service.DriverCommandExecutor.execute(DriverCommandExecutor.java:142)
at org.openqa.selenium.remote.RemoteWebDriver.execute(RemoteWebDriver.java:588)
at org.openqa.selenium.remote.RemoteWebDriver.get(RemoteWebDriver.java:351)
at com.pega.BrowserImpl.open(BrowserImpl.java:314)
at com.pega.BrowserImpl.open(BrowserImpl.java:284)
at com.pega.CRMBrowser.open(CRMBrowser.java:99)
at com.pega.config.test.TestBase.configureBrowser(TestBase.java:60)
at com.pega.CRMTestEnvironment.setUp(CRMTestEnvironment.java:76)
]]>
            </full-stacktrace>
          </exception> <!-- org.openqa.selenium.WebDriverException -->
          <reporter-output>
            <line>
              <![CDATA[existing driver pathbinaries\chromedriver.exe]]>
            </line>
            <line>
              <![CDATA[in method: getCurrentVersionOfDriverAsString]]>
            </line>
            <line>
              <![CDATA[All SSL Certificates will be accepted...]]>
            </line>
            <line>
              <![CDATA[Checking availability of URL: https://googlechromelabs.github.io/chrome-for-testing/known-good-versions.json]]>
            </line>
          </reporter-output>
        </test-method> <!-- runScenario -->
        <test-method signature="runScenario(io.cucumber.testng.PickleWrapper, io.cucumber.testng.FeatureWrapper)[pri:0, instance:RunCukesTest@1f97cf0d]" started-at="2024-06-13T13:04:30 IST" name="runScenario" description="Runs Cucumber Scenarios" data-provider="scenarios" finished-at="2024-06-13T13:04:38 IST" duration-ms="8446" status="FAIL">
          <params>
            <param index="0">
              <value>
                <![CDATA["Phone Interaction with email search and Schedule Activity"]]>
              </value>
            </param>
            <param index="1">
              <value>
                <![CDATA["Optional[Phone Interaction Test cases]"]]>
              </value>
            </param>
          </params>
          <exception class="org.openqa.selenium.WebDriverException">
            <message>
              <![CDATA[unknown error: net::ERR_CONNECTION_RESET
  (Session info: chrome=125.0.6422.142)
Build info: version: '4.2.2', revision: '683ccb65d6'
System info: host: 'HYD-PCI-NOD-T01', ip: '192.168.56.1', os.name: 'Windows Server 2016', os.arch: 'amd64', os.version: '10.0', java.version: '11.0.17'
Driver info: org.openqa.selenium.chrome.ChromeDriver
Command: [1995acb344235b4fc9974eed147a9e09, get {url=https://veishydcnt04163.lab.pega.com/prweb}]
Capabilities {acceptInsecureCerts: false, browserName: chrome, browserVersion: 125.0.6422.142, chrome: {chromedriverVersion: 125.0.6422.141 (4b1e8393712..., userDataDir: C:\Program Files\scoped_dir...}, fedcm:accounts: true, goog:chromeOptions: {debuggerAddress: localhost:63425}, networkConnectionEnabled: false, pageLoadStrategy: normal, platformName: WINDOWS, proxy: Proxy(), se:cdp: ws://localhost:63425/devtoo..., se:cdpVersion: 125.0.6422.142, setWindowRect: true, strictFileInteractability: false, timeouts: {implicit: 0, pageLoad: 300000, script: 30000}, unhandledPromptBehavior: accept, webauthn:extension:credBlob: true, webauthn:extension:largeBlob: true, webauthn:extension:minPinLength: true, webauthn:extension:prf: true, webauthn:virtualAuthenticators: true}
Session ID: 1995acb344235b4fc9974eed147a9e09]]>
            </message>
            <full-stacktrace>
              <![CDATA[org.openqa.selenium.WebDriverException: unknown error: net::ERR_CONNECTION_RESET
  (Session info: chrome=125.0.6422.142)
Build info: version: '4.2.2', revision: '683ccb65d6'
System info: host: 'HYD-PCI-NOD-T01', ip: '192.168.56.1', os.name: 'Windows Server 2016', os.arch: 'amd64', os.version: '10.0', java.version: '11.0.17'
Driver info: org.openqa.selenium.chrome.ChromeDriver
Command: [1995acb344235b4fc9974eed147a9e09, get {url=https://veishydcnt04163.lab.pega.com/prweb}]
Capabilities {acceptInsecureCerts: false, browserName: chrome, browserVersion: 125.0.6422.142, chrome: {chromedriverVersion: 125.0.6422.141 (4b1e8393712..., userDataDir: C:\Program Files\scoped_dir...}, fedcm:accounts: true, goog:chromeOptions: {debuggerAddress: localhost:63425}, networkConnectionEnabled: false, pageLoadStrategy: normal, platformName: WINDOWS, proxy: Proxy(), se:cdp: ws://localhost:63425/devtoo..., se:cdpVersion: 125.0.6422.142, setWindowRect: true, strictFileInteractability: false, timeouts: {implicit: 0, pageLoad: 300000, script: 30000}, unhandledPromptBehavior: accept, webauthn:extension:credBlob: true, webauthn:extension:largeBlob: true, webauthn:extension:minPinLength: true, webauthn:extension:prf: true, webauthn:virtualAuthenticators: true}
Session ID: 1995acb344235b4fc9974eed147a9e09
at java.base/jdk.internal.reflect.NativeConstructorAccessorImpl.newInstance0(Native Method)
at java.base/jdk.internal.reflect.NativeConstructorAccessorImpl.newInstance(NativeConstructorAccessorImpl.java:62)
at java.base/jdk.internal.reflect.DelegatingConstructorAccessorImpl.newInstance(DelegatingConstructorAccessorImpl.java:45)
at java.base/java.lang.reflect.Constructor.newInstance(Constructor.java:490)
at org.openqa.selenium.remote.codec.w3c.W3CHttpResponseCodec.createException(W3CHttpResponseCodec.java:200)
at org.openqa.selenium.remote.codec.w3c.W3CHttpResponseCodec.decode(W3CHttpResponseCodec.java:133)
at org.openqa.selenium.remote.codec.w3c.W3CHttpResponseCodec.decode(W3CHttpResponseCodec.java:53)
at org.openqa.selenium.remote.HttpCommandExecutor.execute(HttpCommandExecutor.java:184)
at org.openqa.selenium.remote.service.DriverCommandExecutor.invokeExecute(DriverCommandExecutor.java:167)
at org.openqa.selenium.remote.service.DriverCommandExecutor.execute(DriverCommandExecutor.java:142)
at org.openqa.selenium.remote.RemoteWebDriver.execute(RemoteWebDriver.java:588)
at org.openqa.selenium.remote.RemoteWebDriver.get(RemoteWebDriver.java:351)
at com.pega.BrowserImpl.open(BrowserImpl.java:314)
at com.pega.BrowserImpl.open(BrowserImpl.java:284)
at com.pega.CRMBrowser.open(CRMBrowser.java:99)
at com.pega.config.test.TestBase.configureBrowser(TestBase.java:60)
at com.pega.CRMTestEnvironment.setUp(CRMTestEnvironment.java:76)
]]>
            </full-stacktrace>
          </exception> <!-- org.openqa.selenium.WebDriverException -->
          <reporter-output>
            <line>
              <![CDATA[existing driver pathbinaries\chromedriver.exe]]>
            </line>
            <line>
              <![CDATA[in method: getCurrentVersionOfDriverAsString]]>
            </line>
            <line>
              <![CDATA[All SSL Certificates will be accepted...]]>
            </line>
            <line>
              <![CDATA[Checking availability of URL: https://googlechromelabs.github.io/chrome-for-testing/known-good-versions.json]]>
            </line>
          </reporter-output>
        </test-method> <!-- runScenario -->
        <test-method signature="runScenario(io.cucumber.testng.PickleWrapper, io.cucumber.testng.FeatureWrapper)[pri:0, instance:RunCukesTest@1f97cf0d]" started-at="2024-06-13T13:04:38 IST" name="runScenario" description="Runs Cucumber Scenarios" data-provider="scenarios" finished-at="2024-06-13T13:04:47 IST" duration-ms="8454" status="FAIL">
          <params>
            <param index="0">
              <value>
                <![CDATA["Dispute transaction with amount low amount"]]>
              </value>
            </param>
            <param index="1">
              <value>
                <![CDATA["Optional[Service Process Test cases]"]]>
              </value>
            </param>
          </params>
          <exception class="org.openqa.selenium.WebDriverException">
            <message>
              <![CDATA[unknown error: net::ERR_CONNECTION_RESET
  (Session info: chrome=125.0.6422.142)
Build info: version: '4.2.2', revision: '683ccb65d6'
System info: host: 'HYD-PCI-NOD-T01', ip: '192.168.56.1', os.name: 'Windows Server 2016', os.arch: 'amd64', os.version: '10.0', java.version: '11.0.17'
Driver info: org.openqa.selenium.chrome.ChromeDriver
Command: [9876be4647cd5422861fc8e10b079c29, get {url=https://veishydcnt04163.lab.pega.com/prweb}]
Capabilities {acceptInsecureCerts: false, browserName: chrome, browserVersion: 125.0.6422.142, chrome: {chromedriverVersion: 125.0.6422.141 (4b1e8393712..., userDataDir: C:\Program Files\scoped_dir...}, fedcm:accounts: true, goog:chromeOptions: {debuggerAddress: localhost:63449}, networkConnectionEnabled: false, pageLoadStrategy: normal, platformName: WINDOWS, proxy: Proxy(), se:cdp: ws://localhost:63449/devtoo..., se:cdpVersion: 125.0.6422.142, setWindowRect: true, strictFileInteractability: false, timeouts: {implicit: 0, pageLoad: 300000, script: 30000}, unhandledPromptBehavior: accept, webauthn:extension:credBlob: true, webauthn:extension:largeBlob: true, webauthn:extension:minPinLength: true, webauthn:extension:prf: true, webauthn:virtualAuthenticators: true}
Session ID: 9876be4647cd5422861fc8e10b079c29]]>
            </message>
            <full-stacktrace>
              <![CDATA[org.openqa.selenium.WebDriverException: unknown error: net::ERR_CONNECTION_RESET
  (Session info: chrome=125.0.6422.142)
Build info: version: '4.2.2', revision: '683ccb65d6'
System info: host: 'HYD-PCI-NOD-T01', ip: '192.168.56.1', os.name: 'Windows Server 2016', os.arch: 'amd64', os.version: '10.0', java.version: '11.0.17'
Driver info: org.openqa.selenium.chrome.ChromeDriver
Command: [9876be4647cd5422861fc8e10b079c29, get {url=https://veishydcnt04163.lab.pega.com/prweb}]
Capabilities {acceptInsecureCerts: false, browserName: chrome, browserVersion: 125.0.6422.142, chrome: {chromedriverVersion: 125.0.6422.141 (4b1e8393712..., userDataDir: C:\Program Files\scoped_dir...}, fedcm:accounts: true, goog:chromeOptions: {debuggerAddress: localhost:63449}, networkConnectionEnabled: false, pageLoadStrategy: normal, platformName: WINDOWS, proxy: Proxy(), se:cdp: ws://localhost:63449/devtoo..., se:cdpVersion: 125.0.6422.142, setWindowRect: true, strictFileInteractability: false, timeouts: {implicit: 0, pageLoad: 300000, script: 30000}, unhandledPromptBehavior: accept, webauthn:extension:credBlob: true, webauthn:extension:largeBlob: true, webauthn:extension:minPinLength: true, webauthn:extension:prf: true, webauthn:virtualAuthenticators: true}
Session ID: 9876be4647cd5422861fc8e10b079c29
at java.base/jdk.internal.reflect.NativeConstructorAccessorImpl.newInstance0(Native Method)
at java.base/jdk.internal.reflect.NativeConstructorAccessorImpl.newInstance(NativeConstructorAccessorImpl.java:62)
at java.base/jdk.internal.reflect.DelegatingConstructorAccessorImpl.newInstance(DelegatingConstructorAccessorImpl.java:45)
at java.base/java.lang.reflect.Constructor.newInstance(Constructor.java:490)
at org.openqa.selenium.remote.codec.w3c.W3CHttpResponseCodec.createException(W3CHttpResponseCodec.java:200)
at org.openqa.selenium.remote.codec.w3c.W3CHttpResponseCodec.decode(W3CHttpResponseCodec.java:133)
at org.openqa.selenium.remote.codec.w3c.W3CHttpResponseCodec.decode(W3CHttpResponseCodec.java:53)
at org.openqa.selenium.remote.HttpCommandExecutor.execute(HttpCommandExecutor.java:184)
at org.openqa.selenium.remote.service.DriverCommandExecutor.invokeExecute(DriverCommandExecutor.java:167)
at org.openqa.selenium.remote.service.DriverCommandExecutor.execute(DriverCommandExecutor.java:142)
at org.openqa.selenium.remote.RemoteWebDriver.execute(RemoteWebDriver.java:588)
at org.openqa.selenium.remote.RemoteWebDriver.get(RemoteWebDriver.java:351)
at com.pega.BrowserImpl.open(BrowserImpl.java:314)
at com.pega.BrowserImpl.open(BrowserImpl.java:284)
at com.pega.CRMBrowser.open(CRMBrowser.java:99)
at com.pega.config.test.TestBase.configureBrowser(TestBase.java:60)
at com.pega.CRMTestEnvironment.setUp(CRMTestEnvironment.java:76)
]]>
            </full-stacktrace>
          </exception> <!-- org.openqa.selenium.WebDriverException -->
          <reporter-output>
            <line>
              <![CDATA[existing driver pathbinaries\chromedriver.exe]]>
            </line>
            <line>
              <![CDATA[in method: getCurrentVersionOfDriverAsString]]>
            </line>
            <line>
              <![CDATA[All SSL Certificates will be accepted...]]>
            </line>
            <line>
              <![CDATA[Checking availability of URL: https://googlechromelabs.github.io/chrome-for-testing/known-good-versions.json]]>
            </line>
          </reporter-output>
        </test-method> <!-- runScenario -->
        <test-method is-config="true" signature="tearDownClass()[pri:0, instance:RunCukesTest@1f97cf0d]" started-at="2024-06-13T13:04:47 IST" name="tearDownClass" finished-at="2024-06-13T13:04:47 IST" duration-ms="114" status="PASS">
          <reporter-output>
          </reporter-output>
        </test-method> <!-- tearDownClass -->
      </class> <!-- RunCukesTest -->
    </test> <!-- Surefire test -->
  </suite> <!-- Surefire suite -->
</testng-results>
